  [1m[35m (0.8ms)[0m  [1m[35mDROP DATABASE IF EXISTS "tinylog_dev"[0m
  [1m[35m (37.5ms)[0m  [1m[35mCREATE TABLE "schema_migrations" ("version" character varying NOT NULL PRIMARY KEY)[0m
  [1m[35m (5.5ms)[0m  [1m[35mCREATE TABLE "ar_internal_metadata" ("key" character varying NOT NULL PRIMARY KEY, "value" character varying, "created_at" timestamp NOT NULL, "updated_at" timestamp NOT NULL)[0m
  [1m[35m (1.0ms)[0m  [1m[34mSELECT pg_try_advisory_lock(7055322490115479650)[0m
  [1m[35m (1.5ms)[0m  [1m[34mSELECT "schema_migrations"."version" FROM "schema_migrations" ORDER BY "schema_migrations"."version" ASC[0m
Migrating to CreateFolders (20180320165606)
  [1m[35m (0.2ms)[0m  [1m[35mBEGIN[0m
  [1m[35m (13.4ms)[0m  [1m[35mCREATE TABLE "folders" ("id" bigserial primary key, "user_id" character varying, "uid" character varying, "title" character varying, "created_at" timestamp NOT NULL, "updated_at" timestamp, "deleted_at" timestamp)[0m
  [1m[35m (2.0ms)[0m  [1m[35mCREATE  INDEX  "index_folders_on_user_id" ON "folders"  ("user_id")[0m
  [1m[35mSQL (5.6ms)[0m  [1m[32mINSERT INTO "schema_migrations" ("version") VALUES ($1) RETURNING "version"[0m  [["version", "20180320165606"]]
  [1m[35m (0.5ms)[0m  [1m[35mCOMMIT[0m
Migrating to CreateLogs (20180320165637)
  [1m[35m (0.3ms)[0m  [1m[35mBEGIN[0m
  [1m[35m (5.9ms)[0m  [1m[35mCREATE TABLE "logs" ("id" bigserial primary key, "folder_id" bigint, "uid" character varying, "text" character varying, "log_type" integer DEFAULT 1, "created_at" timestamp NOT NULL, "updated_at" timestamp, "deleted_at" timestamp)[0m
  [1m[35m (1.1ms)[0m  [1m[35mCREATE  INDEX  "index_logs_on_folder_id" ON "logs"  ("folder_id")[0m
  [1m[35m (1.6ms)[0m  [1m[35mCREATE  INDEX  "index_logs_on_uid" ON "logs"  ("uid")[0m
  [1m[35mSQL (0.4ms)[0m  [1m[32mINSERT INTO "schema_migrations" ("version") VALUES ($1) RETURNING "version"[0m  [["version", "20180320165637"]]
  [1m[35m (0.5ms)[0m  [1m[35mCOMMIT[0m
  [1m[36mActiveRecord::InternalMetadata Load (0.5ms)[0m  [1m[34mSELECT  "ar_internal_metadata".* FROM "ar_internal_metadata" WHERE "ar_internal_metadata"."key" = $1 LIMIT $2[0m  [["key", "environment"], ["LIMIT", 1]]
  [1m[35m (0.3ms)[0m  [1m[35mBEGIN[0m
  [1m[35mSQL (0.9ms)[0m  [1m[32mINSERT INTO "ar_internal_metadata" ("key", "value", "created_at", "updated_at") VALUES ($1, $2, $3, $4) RETURNING "key"[0m  [["key", "environment"], ["value", "development"], ["created_at", "2018-07-07 18:09:56.014180"], ["updated_at", "2018-07-07 18:09:56.014180"]]
  [1m[35m (0.5ms)[0m  [1m[35mCOMMIT[0m
  [1m[35m (0.3ms)[0m  [1m[34mSELECT pg_advisory_unlock(7055322490115479650)[0m
  [1m[35m (0.3ms)[0m  [1m[34mSELECT "schema_migrations"."version" FROM "schema_migrations" ORDER BY "schema_migrations"."version" ASC[0m
  [1m[35m (0.6ms)[0m  [1m[34mSELECT pg_try_advisory_lock(7055322490115479650)[0m
  [1m[35m (0.6ms)[0m  [1m[34mSELECT "schema_migrations"."version" FROM "schema_migrations" ORDER BY "schema_migrations"."version" ASC[0m
  [1m[36mActiveRecord::InternalMetadata Load (1.4ms)[0m  [1m[34mSELECT  "ar_internal_metadata".* FROM "ar_internal_metadata" WHERE "ar_internal_metadata"."key" = $1 LIMIT $2[0m  [["key", "environment"], ["LIMIT", 1]]
  [1m[35m (0.2ms)[0m  [1m[35mBEGIN[0m
  [1m[35m (0.3ms)[0m  [1m[35mCOMMIT[0m
  [1m[35m (0.2ms)[0m  [1m[34mSELECT pg_advisory_unlock(7055322490115479650)[0m
  [1m[35m (0.3ms)[0m  [1m[34mSELECT "schema_migrations"."version" FROM "schema_migrations" ORDER BY "schema_migrations"."version" ASC[0m
Started POST "/folders" for 127.0.0.1 at 2018-07-07 19:32:09 -0300
  [1m[35m (1.1ms)[0m  [1m[34mSELECT "schema_migrations"."version" FROM "schema_migrations" ORDER BY "schema_migrations"."version" ASC[0m
Processing by FoldersController#create as */*
  Parameters: {"user"=>{"email"=>"sxcamacho+test108@gmail.com", "password"=>"[FILTERED]"}, "folder"=>{}}
[active_model_serializers] Rendered ActiveModel::Serializer::Null with Hash (0.16ms)
Completed 500 Internal Server Error in 5ms (Views: 4.6ms | ActiveRecord: 2.0ms)


Started GET "/folders" for 127.0.0.1 at 2018-07-07 19:32:12 -0300
Processing by FoldersController#index as */*
  Parameters: {"folder"=>{}}
  [1m[36mFolder Load (2.6ms)[0m  [1m[34mSELECT "folders".* FROM "folders" WHERE "folders"."deleted_at" IS NULL[0m
[active_model_serializers] Rendered ActiveModel::Serializer::CollectionSerializer with ActiveModelSerializers::Adapter::Attributes (0.14ms)
Completed 200 OK in 20ms (Views: 16.1ms | ActiveRecord: 2.6ms)


Started GET "/folders" for 127.0.0.1 at 2018-07-07 19:32:14 -0300
Processing by FoldersController#index as */*
  Parameters: {"folder"=>{}}
  [1m[36mFolder Load (0.4ms)[0m  [1m[34mSELECT "folders".* FROM "folders" WHERE "folders"."deleted_at" IS NULL[0m
[active_model_serializers] Rendered ActiveModel::Serializer::CollectionSerializer with ActiveModelSerializers::Adapter::Attributes (0.06ms)
Completed 200 OK in 3ms (Views: 1.8ms | ActiveRecord: 0.4ms)


Started GET "/folders" for 127.0.0.1 at 2018-07-07 19:32:27 -0300
Processing by FoldersController#index as */*
  Parameters: {"folder"=>{}}
  [1m[36mFolder Load (0.3ms)[0m  [1m[34mSELECT "folders".* FROM "folders" WHERE "folders"."deleted_at" IS NULL[0m
[active_model_serializers] Rendered ActiveModel::Serializer::CollectionSerializer with ActiveModelSerializers::Adapter::Attributes (0.11ms)
Completed 200 OK in 2ms (Views: 1.4ms | ActiveRecord: 0.3ms)


Started GET "/folders" for 127.0.0.1 at 2018-07-07 22:22:46 -0300
Processing by FoldersController#index as */*
  Parameters: {"folder"=>{}}
  [1m[36mFolder Load (0.5ms)[0m  [1m[34mSELECT "folders".* FROM "folders" WHERE "folders"."deleted_at" IS NULL[0m
[active_model_serializers] Rendered ActiveModel::Serializer::CollectionSerializer with ActiveModelSerializers::Adapter::Attributes (0.3ms)
Completed 200 OK in 6ms (Views: 3.1ms | ActiveRecord: 5.2ms)


  [1m[35m (0.8ms)[0m  [1m[34mSELECT "schema_migrations"."version" FROM "schema_migrations" ORDER BY "schema_migrations"."version" ASC[0m
  [1m[35m (1.6ms)[0m  [1m[34mSELECT "ar_internal_metadata"."value" FROM "ar_internal_metadata" WHERE "ar_internal_metadata"."key" = $1[0m  [["key", "environment"]]
  [1m[35m (0.3ms)[0m  [1m[34mSELECT "schema_migrations"."version" FROM "schema_migrations" ORDER BY "schema_migrations"."version" ASC[0m
  [1m[35m (0.2ms)[0m  [1m[34mSELECT "ar_internal_metadata"."value" FROM "ar_internal_metadata" WHERE "ar_internal_metadata"."key" = $1[0m  [["key", "environment"]]
  [1m[35m (0.3ms)[0m  [1m[34mSELECT "schema_migrations"."version" FROM "schema_migrations" ORDER BY "schema_migrations"."version" ASC[0m
  [1m[35m (0.3ms)[0m  [1m[34mSELECT "ar_internal_metadata"."value" FROM "ar_internal_metadata" WHERE "ar_internal_metadata"."key" = $1[0m  [["key", "environment"]]
  [1m[35m (247.4ms)[0m  [1m[35mDROP DATABASE IF EXISTS "tinylog_dev"[0m
  [1m[35m (0.2ms)[0m  [1m[35mDROP DATABASE IF EXISTS "tinylog_dev"[0m
  [1m[35m (211.2ms)[0m  [1m[35mDROP DATABASE IF EXISTS "tinylog_dev"[0m
  [1m[35m (0.2ms)[0m  [1m[35mDROP DATABASE IF EXISTS "tinylog_test"[0m
  [1m[35m (34.9ms)[0m  [1m[35mCREATE TABLE "schema_migrations" ("version" character varying NOT NULL PRIMARY KEY)[0m
  [1m[35m (4.7ms)[0m  [1m[35mCREATE TABLE "ar_internal_metadata" ("key" character varying NOT NULL PRIMARY KEY, "value" character varying, "created_at" timestamp NOT NULL, "updated_at" timestamp NOT NULL)[0m
  [1m[35m (0.4ms)[0m  [1m[34mSELECT pg_try_advisory_lock(7055322490115479650)[0m
  [1m[35m (0.9ms)[0m  [1m[34mSELECT "schema_migrations"."version" FROM "schema_migrations" ORDER BY "schema_migrations"."version" ASC[0m
Migrating to CreateFolders (20180320165606)
  [1m[35m (0.3ms)[0m  [1m[35mBEGIN[0m
  [1m[35m (5.1ms)[0m  [1m[35mCREATE TABLE "folders" ("id" bigserial primary key, "uid" character varying, "title" character varying, "created_at" timestamp NOT NULL, "updated_at" timestamp, "deleted_at" timestamp)[0m
  [1m[35mSQL (0.5ms)[0m  [1m[32mINSERT INTO "schema_migrations" ("version") VALUES ($1) RETURNING "version"[0m  [["version", "20180320165606"]]
  [1m[35m (0.7ms)[0m  [1m[35mCOMMIT[0m
Migrating to CreateLogs (20180320165637)
  [1m[35m (0.4ms)[0m  [1m[35mBEGIN[0m
  [1m[35m (6.1ms)[0m  [1m[35mCREATE TABLE "logs" ("id" bigserial primary key, "folder_id" bigint, "uid" character varying, "text" character varying, "log_type" integer DEFAULT 1, "created_at" timestamp NOT NULL, "updated_at" timestamp, "deleted_at" timestamp)[0m
  [1m[35m (2.4ms)[0m  [1m[35mCREATE  INDEX  "index_logs_on_folder_id" ON "logs"  ("folder_id")[0m
  [1m[35m (0.9ms)[0m  [1m[35mCREATE  INDEX  "index_logs_on_uid" ON "logs"  ("uid")[0m
  [1m[35mSQL (0.3ms)[0m  [1m[32mINSERT INTO "schema_migrations" ("version") VALUES ($1) RETURNING "version"[0m  [["version", "20180320165637"]]
  [1m[35m (1.1ms)[0m  [1m[35mCOMMIT[0m
  [1m[36mActiveRecord::InternalMetadata Load (0.7ms)[0m  [1m[34mSELECT  "ar_internal_metadata".* FROM "ar_internal_metadata" WHERE "ar_internal_metadata"."key" = $1 LIMIT $2[0m  [["key", "environment"], ["LIMIT", 1]]
  [1m[35m (0.4ms)[0m  [1m[35mBEGIN[0m
  [1m[35mSQL (0.5ms)[0m  [1m[32mINSERT INTO "ar_internal_metadata" ("key", "value", "created_at", "updated_at") VALUES ($1, $2, $3, $4) RETURNING "key"[0m  [["key", "environment"], ["value", "development"], ["created_at", "2018-07-08 01:29:09.185593"], ["updated_at", "2018-07-08 01:29:09.185593"]]
  [1m[35m (0.5ms)[0m  [1m[35mCOMMIT[0m
  [1m[35m (0.4ms)[0m  [1m[34mSELECT pg_advisory_unlock(7055322490115479650)[0m
  [1m[35m (0.5ms)[0m  [1m[34mSELECT "schema_migrations"."version" FROM "schema_migrations" ORDER BY "schema_migrations"."version" ASC[0m
Started POST "/folders" for 127.0.0.1 at 2018-07-08 13:32:38 -0300
  [1m[35m (1.1ms)[0m  [1m[34mSELECT "schema_migrations"."version" FROM "schema_migrations" ORDER BY "schema_migrations"."version" ASC[0m
Processing by FoldersController#create as */*
  Parameters: {"folder"=>{"title"=>"test"}}
  [1m[35m (0.2ms)[0m  [1m[35mBEGIN[0m
  [1m[35mSQL (1.6ms)[0m  [1m[32mINSERT INTO "folders" ("uid", "title", "created_at", "updated_at") VALUES ($1, $2, $3, $4) RETURNING "id"[0m  [["uid", "AujZNBJ-38OYWgm8Ka6gmA"], ["title", "test"], ["created_at", "2018-07-08 16:32:38.620462"], ["updated_at", "2018-07-08 16:32:38.620462"]]
  [1m[35m (0.6ms)[0m  [1m[35mCOMMIT[0m
[active_model_serializers] Rendered FolderSerializer with ActiveModelSerializers::Adapter::Attributes (0.28ms)
Completed 201 Created in 27ms (Views: 12.1ms | ActiveRecord: 7.1ms)


Started GET "/folders/AujZNBJ-38OYWgm8Ka6gmA" for 127.0.0.1 at 2018-07-08 16:54:53 -0300
  [1m[35m (1.5ms)[0m  [1m[34mSELECT "schema_migrations"."version" FROM "schema_migrations" ORDER BY "schema_migrations"."version" ASC[0m
Processing by FoldersController#show as */*
  Parameters: {"id"=>"AujZNBJ-38OYWgm8Ka6gmA", "folder"=>{}}
  [1m[36mFolder Load (0.6ms)[0m  [1m[34mSELECT  "folders".* FROM "folders" WHERE "folders"."deleted_at" IS NULL AND "folders"."uid" IS NULL ORDER BY "folders"."id" ASC LIMIT $1[0m  [["LIMIT", 1]]
Completed 404 Not Found in 5ms (Views: 0.2ms | ActiveRecord: 4.3ms)


Started GET "/folders/AujZNBJ-38OYWgm8Ka6gmA" for 127.0.0.1 at 2018-07-08 17:01:34 -0300
  [1m[35m (0.8ms)[0m  [1m[34mSELECT "schema_migrations"."version" FROM "schema_migrations" ORDER BY "schema_migrations"."version" ASC[0m
Processing by FoldersController#show as */*
  Parameters: {"id"=>"AujZNBJ-38OYWgm8Ka6gmA", "folder"=>{}}
  [1m[36mFolder Load (0.7ms)[0m  [1m[34mSELECT  "folders".* FROM "folders" WHERE "folders"."deleted_at" IS NULL AND "folders"."uid" = $1 ORDER BY "folders"."id" ASC LIMIT $2[0m  [["uid", "AujZNBJ-38OYWgm8Ka6gmA"], ["LIMIT", 1]]
[active_model_serializers] Rendered FolderSerializer with ActiveModelSerializers::Adapter::Attributes (0.35ms)
Completed 200 OK in 23ms (Views: 12.2ms | ActiveRecord: 5.2ms)


Started GET "/folders/AujZNBJ-38OYWgm8Ka6gmA" for 127.0.0.1 at 2018-07-08 17:28:52 -0300
  [1m[35m (0.6ms)[0m  [1m[34mSELECT "schema_migrations"."version" FROM "schema_migrations" ORDER BY "schema_migrations"."version" ASC[0m
Processing by FoldersController#show as */*
  Parameters: {"id"=>"AujZNBJ-38OYWgm8Ka6gmA", "folder"=>{}}
  [1m[36mFolder Load (0.8ms)[0m  [1m[34mSELECT  "folders".* FROM "folders" WHERE "folders"."deleted_at" IS NULL AND "folders"."uid" = $1 ORDER BY "folders"."id" ASC LIMIT $2[0m  [["uid", "AujZNBJ-38OYWgm8Ka6gmA"], ["LIMIT", 1]]
[active_model_serializers] Rendered FolderSerializer with ActiveModelSerializers::Adapter::Attributes (0.32ms)
Completed 200 OK in 23ms (Views: 12.5ms | ActiveRecord: 4.6ms)


Started GET "/folders/AujZNBJ-38OYWgm8Ka6gmA1" for 127.0.0.1 at 2018-07-08 17:28:56 -0300
Processing by FoldersController#show as */*
  Parameters: {"id"=>"AujZNBJ-38OYWgm8Ka6gmA1", "folder"=>{}}
  [1m[36mFolder Load (0.4ms)[0m  [1m[34mSELECT  "folders".* FROM "folders" WHERE "folders"."deleted_at" IS NULL AND "folders"."uid" = $1 ORDER BY "folders"."id" ASC LIMIT $2[0m  [["uid", "AujZNBJ-38OYWgm8Ka6gmA1"], ["LIMIT", 1]]
Completed 404 Not Found in 3ms (Views: 0.1ms | ActiveRecord: 0.4ms)


Started GET "/folders/AujZNBJ-38OYWgm8Ka6gmA1" for 127.0.0.1 at 2018-07-08 17:28:59 -0300
Processing by FoldersController#show as */*
  Parameters: {"id"=>"AujZNBJ-38OYWgm8Ka6gmA1", "folder"=>{}}
  [1m[36mFolder Load (1.2ms)[0m  [1m[34mSELECT  "folders".* FROM "folders" WHERE "folders"."deleted_at" IS NULL AND "folders"."uid" = $1 ORDER BY "folders"."id" ASC LIMIT $2[0m  [["uid", "AujZNBJ-38OYWgm8Ka6gmA1"], ["LIMIT", 1]]
Completed 404 Not Found in 6ms (Views: 0.2ms | ActiveRecord: 1.2ms)


Started GET "/folders/AujZNBJ-38OYWgm8Ka6gmA" for 127.0.0.1 at 2018-07-08 17:29:03 -0300
Processing by FoldersController#show as */*
  Parameters: {"id"=>"AujZNBJ-38OYWgm8Ka6gmA", "folder"=>{}}
  [1m[36mFolder Load (0.5ms)[0m  [1m[34mSELECT  "folders".* FROM "folders" WHERE "folders"."deleted_at" IS NULL AND "folders"."uid" = $1 ORDER BY "folders"."id" ASC LIMIT $2[0m  [["uid", "AujZNBJ-38OYWgm8Ka6gmA"], ["LIMIT", 1]]
[active_model_serializers] Rendered FolderSerializer with ActiveModelSerializers::Adapter::Attributes (0.25ms)
Completed 200 OK in 7ms (Views: 0.8ms | ActiveRecord: 0.5ms)


Started GET "/folders/AujZNBJ-38OYWgm8Ka6gmA" for 127.0.0.1 at 2018-07-08 17:55:20 -0300
  [1m[35m (0.6ms)[0m  [1m[34mSELECT "schema_migrations"."version" FROM "schema_migrations" ORDER BY "schema_migrations"."version" ASC[0m
Processing by FoldersController#show as */*
  Parameters: {"id"=>"AujZNBJ-38OYWgm8Ka6gmA", "folder"=>{}}
  [1m[36mFolder Load (0.7ms)[0m  [1m[34mSELECT  "folders".* FROM "folders" WHERE "folders"."deleted_at" IS NULL AND "folders"."uid" = $1 ORDER BY "folders"."id" ASC LIMIT $2[0m  [["uid", "AujZNBJ-38OYWgm8Ka6gmA"], ["LIMIT", 1]]
[active_model_serializers] Rendered FolderSerializer with ActiveModelSerializers::Adapter::Attributes (0.41ms)
Completed 200 OK in 31ms (Views: 20.8ms | ActiveRecord: 4.9ms)


  [1m[35m (0.4ms)[0m  [1m[34mSELECT "schema_migrations"."version" FROM "schema_migrations" ORDER BY "schema_migrations"."version" ASC[0m
  [1m[35m (0.2ms)[0m  [1m[34mSELECT "ar_internal_metadata"."value" FROM "ar_internal_metadata" WHERE "ar_internal_metadata"."key" = $1[0m  [["key", "environment"]]
  [1m[35m (0.2ms)[0m  [1m[34mSELECT "schema_migrations"."version" FROM "schema_migrations" ORDER BY "schema_migrations"."version" ASC[0m
  [1m[35m (0.2ms)[0m  [1m[34mSELECT "ar_internal_metadata"."value" FROM "ar_internal_metadata" WHERE "ar_internal_metadata"."key" = $1[0m  [["key", "environment"]]
  [1m[35m (0.3ms)[0m  [1m[34mSELECT "schema_migrations"."version" FROM "schema_migrations" ORDER BY "schema_migrations"."version" ASC[0m
  [1m[35m (0.2ms)[0m  [1m[34mSELECT "ar_internal_metadata"."value" FROM "ar_internal_metadata" WHERE "ar_internal_metadata"."key" = $1[0m  [["key", "environment"]]
  [1m[35m (5014.7ms)[0m  [1m[35mDROP DATABASE IF EXISTS "tinylog"[0m
  [1m[35m (0.5ms)[0m  [1m[34mSELECT "schema_migrations"."version" FROM "schema_migrations" ORDER BY "schema_migrations"."version" ASC[0m
  [1m[35m (0.2ms)[0m  [1m[34mSELECT "ar_internal_metadata"."value" FROM "ar_internal_metadata" WHERE "ar_internal_metadata"."key" = $1[0m  [["key", "environment"]]
  [1m[35m (0.3ms)[0m  [1m[34mSELECT "schema_migrations"."version" FROM "schema_migrations" ORDER BY "schema_migrations"."version" ASC[0m
  [1m[35m (0.2ms)[0m  [1m[34mSELECT "ar_internal_metadata"."value" FROM "ar_internal_metadata" WHERE "ar_internal_metadata"."key" = $1[0m  [["key", "environment"]]
  [1m[35m (0.2ms)[0m  [1m[34mSELECT "schema_migrations"."version" FROM "schema_migrations" ORDER BY "schema_migrations"."version" ASC[0m
  [1m[35m (0.2ms)[0m  [1m[34mSELECT "ar_internal_metadata"."value" FROM "ar_internal_metadata" WHERE "ar_internal_metadata"."key" = $1[0m  [["key", "environment"]]
  [1m[35m (232.2ms)[0m  [1m[35mDROP DATABASE IF EXISTS "tinylog"[0m
  [1m[35m (136.7ms)[0m  [1m[35mCREATE TABLE "schema_migrations" ("version" character varying NOT NULL PRIMARY KEY)[0m
  [1m[35m (127.2ms)[0m  [1m[35mCREATE TABLE "ar_internal_metadata" ("key" character varying NOT NULL PRIMARY KEY, "value" character varying, "created_at" timestamp NOT NULL, "updated_at" timestamp NOT NULL)[0m
  [1m[35m (0.7ms)[0m  [1m[34mSELECT pg_try_advisory_lock(8095522622645480085)[0m
  [1m[35m (1.4ms)[0m  [1m[34mSELECT "schema_migrations"."version" FROM "schema_migrations" ORDER BY "schema_migrations"."version" ASC[0m
Migrating to CreateFiles (20180320165606)
  [1m[35m (0.4ms)[0m  [1m[35mBEGIN[0m
  [1m[35m (79.7ms)[0m  [1m[35mCREATE TABLE "files" ("id" bigserial primary key, "uid" character varying, "name" character varying, "public" boolean, "created_at" timestamp NOT NULL, "updated_at" timestamp, "deleted_at" timestamp)[0m
  [1m[35mSQL (1.4ms)[0m  [1m[32mINSERT INTO "schema_migrations" ("version") VALUES ($1) RETURNING "version"[0m  [["version", "20180320165606"]]
  [1m[35m (13.0ms)[0m  [1m[35mCOMMIT[0m
Migrating to CreateLogs (20180320165637)
  [1m[35m (0.5ms)[0m  [1m[35mBEGIN[0m
  [1m[35m (104.5ms)[0m  [1m[35mCREATE TABLE "logs" ("id" bigserial primary key, "file_id" bigint, "uid" character varying, "text" character varying, "type" integer DEFAULT 1, "created_at" timestamp NOT NULL, "updated_at" timestamp, "deleted_at" timestamp)[0m
  [1m[35m (37.9ms)[0m  [1m[35mCREATE  INDEX  "index_logs_on_file_id" ON "logs"  ("file_id")[0m
  [1m[35m (28.3ms)[0m  [1m[35mCREATE  INDEX  "index_logs_on_uid" ON "logs"  ("uid")[0m
  [1m[35mSQL (1.2ms)[0m  [1m[32mINSERT INTO "schema_migrations" ("version") VALUES ($1) RETURNING "version"[0m  [["version", "20180320165637"]]
  [1m[35m (18.3ms)[0m  [1m[35mCOMMIT[0m
  [1m[36mActiveRecord::InternalMetadata Load (1.4ms)[0m  [1m[34mSELECT  "ar_internal_metadata".* FROM "ar_internal_metadata" WHERE "ar_internal_metadata"."key" = $1 LIMIT $2[0m  [["key", "environment"], ["LIMIT", 1]]
  [1m[35m (0.3ms)[0m  [1m[35mBEGIN[0m
  [1m[35mSQL (0.8ms)[0m  [1m[32mINSERT INTO "ar_internal_metadata" ("key", "value", "created_at", "updated_at") VALUES ($1, $2, $3, $4) RETURNING "key"[0m  [["key", "environment"], ["value", "development"], ["created_at", "2018-09-20 02:00:42.654565"], ["updated_at", "2018-09-20 02:00:42.654565"]]
  [1m[35m (10.1ms)[0m  [1m[35mCOMMIT[0m
  [1m[35m (0.6ms)[0m  [1m[34mSELECT pg_advisory_unlock(8095522622645480085)[0m
  [1m[35m (0.5ms)[0m  [1m[34mSELECT "schema_migrations"."version" FROM "schema_migrations" ORDER BY "schema_migrations"."version" ASC[0m
Started GET "/files" for 127.0.0.1 at 2018-09-19 23:01:01 -0300
  [1m[35m (0.5ms)[0m  [1m[34mSELECT "schema_migrations"."version" FROM "schema_migrations" ORDER BY "schema_migrations"."version" ASC[0m
Processing by FilesController#index as */*
[active_model_serializers] Rendered ActiveModel::Serializer::Null with Hash (0.07ms)
Completed 500 Internal Server Error in 4ms (Views: 3.1ms | ActiveRecord: 0.0ms)


Started GET "/files" for 127.0.0.1 at 2018-09-19 23:02:21 -0300
Processing by FilesController#index as */*
[active_model_serializers] Rendered ActiveModel::Serializer::Null with Hash (0.1ms)
Completed 500 Internal Server Error in 12ms (Views: 11.7ms | ActiveRecord: 0.0ms)


  [1m[36mTinyLog::Log Load (0.5ms)[0m  [1m[34mSELECT  "logs".* FROM "logs" WHERE "logs"."deleted_at" IS NULL LIMIT $1[0m  [["LIMIT", 11]]
  [1m[36mTinyLog::Log Load (1.1ms)[0m  [1m[34mSELECT  "logs".* FROM "logs" WHERE "logs"."deleted_at" IS NULL LIMIT $1[0m  [["LIMIT", 11]]
Started GET "/files" for 127.0.0.1 at 2018-09-19 23:20:19 -0300
  [1m[35m (0.5ms)[0m  [1m[34mSELECT "schema_migrations"."version" FROM "schema_migrations" ORDER BY "schema_migrations"."version" ASC[0m
Processing by FilesController#index as */*
[active_model_serializers] Rendered ActiveModel::Serializer::Null with Hash (0.08ms)
Completed 500 Internal Server Error in 5ms (Views: 3.9ms | ActiveRecord: 0.0ms)


Started GET "/files" for 127.0.0.1 at 2018-09-19 23:20:21 -0300
Processing by FilesController#index as */*
[active_model_serializers] Rendered ActiveModel::Serializer::Null with Hash (0.06ms)
Completed 500 Internal Server Error in 11ms (Views: 0.4ms | ActiveRecord: 0.0ms)


Started GET "/files/1/logs" for 127.0.0.1 at 2018-09-19 23:20:28 -0300
Processing by LogsController#index as */*
  Parameters: {"file_id"=>"1"}
[active_model_serializers] Rendered ActiveModel::Serializer::Null with Hash (0.08ms)
Completed 500 Internal Server Error in 2ms (Views: 0.6ms | ActiveRecord: 0.0ms)


Started GET "/files/" for 127.0.0.1 at 2018-09-19 23:20:36 -0300
Processing by FilesController#index as */*
[active_model_serializers] Rendered ActiveModel::Serializer::Null with Hash (0.07ms)
Completed 500 Internal Server Error in 1ms (Views: 0.4ms | ActiveRecord: 0.0ms)


  [1m[36mTinyLog::File Load (1.5ms)[0m  [1m[34mSELECT  "files".* FROM "files" WHERE "files"."deleted_at" IS NULL LIMIT $1[0m  [["LIMIT", 11]]
  [1m[36mTinyLog::File Load (0.3ms)[0m  [1m[34mSELECT  "files".* FROM "files" WHERE "files"."deleted_at" IS NULL LIMIT $1[0m  [["LIMIT", 11]]
Started GET "/files/" for 127.0.0.1 at 2018-09-19 23:28:13 -0300
  [1m[35m (0.7ms)[0m  [1m[34mSELECT "schema_migrations"."version" FROM "schema_migrations" ORDER BY "schema_migrations"."version" ASC[0m
Processing by FilesController#index as */*
  [1m[36mTinyLog::File Load (0.5ms)[0m  [1m[34mSELECT "files".* FROM "files" WHERE "files"."deleted_at" IS NULL[0m
[active_model_serializers] Rendered ActiveModel::Serializer::CollectionSerializer with ActiveModelSerializers::Adapter::Attributes (0.09ms)
Completed 200 OK in 8ms (Views: 5.0ms | ActiveRecord: 1.6ms)


  [1m[35m (0.5ms)[0m  [1m[34mSELECT "schema_migrations"."version" FROM "schema_migrations" ORDER BY "schema_migrations"."version" ASC[0m
  [1m[35m (0.3ms)[0m  [1m[34mSELECT "ar_internal_metadata"."value" FROM "ar_internal_metadata" WHERE "ar_internal_metadata"."key" = $1[0m  [["key", "environment"]]
  [1m[35m (0.3ms)[0m  [1m[34mSELECT "schema_migrations"."version" FROM "schema_migrations" ORDER BY "schema_migrations"."version" ASC[0m
  [1m[35m (0.3ms)[0m  [1m[34mSELECT "ar_internal_metadata"."value" FROM "ar_internal_metadata" WHERE "ar_internal_metadata"."key" = $1[0m  [["key", "environment"]]
  [1m[35m (0.2ms)[0m  [1m[34mSELECT "schema_migrations"."version" FROM "schema_migrations" ORDER BY "schema_migrations"."version" ASC[0m
  [1m[35m (0.3ms)[0m  [1m[34mSELECT "ar_internal_metadata"."value" FROM "ar_internal_metadata" WHERE "ar_internal_metadata"."key" = $1[0m  [["key", "environment"]]
  [1m[35m (545.0ms)[0m  [1m[35mDROP DATABASE IF EXISTS "tinylog"[0m
  [1m[35m (171.7ms)[0m  [1m[35mCREATE TABLE "schema_migrations" ("version" character varying NOT NULL PRIMARY KEY)[0m
  [1m[35m (148.7ms)[0m  [1m[35mCREATE TABLE "ar_internal_metadata" ("key" character varying NOT NULL PRIMARY KEY, "value" character varying, "created_at" timestamp NOT NULL, "updated_at" timestamp NOT NULL)[0m
  [1m[35m (0.8ms)[0m  [1m[34mSELECT pg_try_advisory_lock(8095522622645480085)[0m
  [1m[35m (1.2ms)[0m  [1m[34mSELECT "schema_migrations"."version" FROM "schema_migrations" ORDER BY "schema_migrations"."version" ASC[0m
Migrating to CreateFiles (20180320165606)
  [1m[35m (0.4ms)[0m  [1m[35mBEGIN[0m
  [1m[35m (89.8ms)[0m  [1m[35mCREATE TABLE "files" ("id" bigserial primary key, "uid" character varying, "name" character varying, "public" boolean, "created_at" timestamp NOT NULL, "updated_at" timestamp, "deleted_at" timestamp)[0m
  [1m[35mSQL (1.3ms)[0m  [1m[32mINSERT INTO "schema_migrations" ("version") VALUES ($1) RETURNING "version"[0m  [["version", "20180320165606"]]
  [1m[35m (25.8ms)[0m  [1m[35mCOMMIT[0m
Migrating to CreateLogs (20180320165637)
  [1m[35m (0.3ms)[0m  [1m[35mBEGIN[0m
  [1m[35m (115.3ms)[0m  [1m[35mCREATE TABLE "logs" ("id" bigserial primary key, "file_id" bigint, "uid" character varying, "text" character varying, "log_type" integer DEFAULT 1, "created_at" timestamp NOT NULL, "updated_at" timestamp, "deleted_at" timestamp)[0m
  [1m[35m (37.9ms)[0m  [1m[35mCREATE  INDEX  "index_logs_on_file_id" ON "logs"  ("file_id")[0m
  [1m[35m (61.7ms)[0m  [1m[35mCREATE  INDEX  "index_logs_on_uid" ON "logs"  ("uid")[0m
  [1m[35mSQL (1.1ms)[0m  [1m[32mINSERT INTO "schema_migrations" ("version") VALUES ($1) RETURNING "version"[0m  [["version", "20180320165637"]]
  [1m[35m (54.8ms)[0m  [1m[35mCOMMIT[0m
  [1m[36mActiveRecord::InternalMetadata Load (0.5ms)[0m  [1m[34mSELECT  "ar_internal_metadata".* FROM "ar_internal_metadata" WHERE "ar_internal_metadata"."key" = $1 LIMIT $2[0m  [["key", "environment"], ["LIMIT", 1]]
  [1m[35m (0.3ms)[0m  [1m[35mBEGIN[0m
  [1m[35mSQL (0.5ms)[0m  [1m[32mINSERT INTO "ar_internal_metadata" ("key", "value", "created_at", "updated_at") VALUES ($1, $2, $3, $4) RETURNING "key"[0m  [["key", "environment"], ["value", "development"], ["created_at", "2018-09-20 03:09:54.520301"], ["updated_at", "2018-09-20 03:09:54.520301"]]
  [1m[35m (159.0ms)[0m  [1m[35mCOMMIT[0m
  [1m[35m (0.9ms)[0m  [1m[34mSELECT pg_advisory_unlock(8095522622645480085)[0m
  [1m[35m (0.8ms)[0m  [1m[34mSELECT "schema_migrations"."version" FROM "schema_migrations" ORDER BY "schema_migrations"."version" ASC[0m
Started GET "/files/" for 127.0.0.1 at 2018-09-22 16:04:41 -0300
  [1m[35m (1.7ms)[0m  [1m[34mSELECT "schema_migrations"."version" FROM "schema_migrations" ORDER BY "schema_migrations"."version" ASC[0m
  
ActiveRecord::PendingMigrationError (

Migrations are pending. To resolve this issue, run:

        bin/rails db:migrate RAILS_ENV=development

):
  
activerecord (5.1.5) lib/active_record/migration.rb:576:in `check_pending!'
activerecord (5.1.5) lib/active_record/migration.rb:553:in `call'
actionpack (5.1.5) lib/action_dispatch/middleware/callbacks.rb:26:in `block in call'
activesupport (5.1.5) lib/active_support/callbacks.rb:97:in `run_callbacks'
actionpack (5.1.5) lib/action_dispatch/middleware/callbacks.rb:24:in `call'
actionpack (5.1.5) lib/action_dispatch/middleware/executor.rb:12:in `call'
actionpack (5.1.5) lib/action_dispatch/middleware/debug_exceptions.rb:59:in `call'
actionpack (5.1.5) lib/action_dispatch/middleware/show_exceptions.rb:31:in `call'
railties (5.1.5) lib/rails/rack/logger.rb:36:in `call_app'
railties (5.1.5) lib/rails/rack/logger.rb:24:in `block in call'
activesupport (5.1.5) lib/active_support/tagged_logging.rb:69:in `block in tagged'
activesupport (5.1.5) lib/active_support/tagged_logging.rb:26:in `tagged'
activesupport (5.1.5) lib/active_support/tagged_logging.rb:69:in `tagged'
railties (5.1.5) lib/rails/rack/logger.rb:24:in `call'
actionpack (5.1.5) lib/action_dispatch/middleware/remote_ip.rb:79:in `call'
actionpack (5.1.5) lib/action_dispatch/middleware/request_id.rb:25:in `call'
rack (2.0.4) lib/rack/runtime.rb:22:in `call'
activesupport (5.1.5) lib/active_support/cache/strategy/local_cache_middleware.rb:27:in `call'
actionpack (5.1.5) lib/action_dispatch/middleware/executor.rb:12:in `call'
actionpack (5.1.5) lib/action_dispatch/middleware/static.rb:125:in `call'
rack (2.0.4) lib/rack/sendfile.rb:111:in `call'
rack-cors (1.0.2) lib/rack/cors.rb:97:in `call'
railties (5.1.5) lib/rails/engine.rb:522:in `call'
puma (3.11.3) lib/puma/configuration.rb:225:in `call'
puma (3.11.3) lib/puma/server.rb:624:in `handle_request'
puma (3.11.3) lib/puma/server.rb:438:in `process_client'
puma (3.11.3) lib/puma/server.rb:302:in `block in run'
puma (3.11.3) lib/puma/thread_pool.rb:120:in `block in spawn_thread'
  [1m[35m (0.1ms)[0m  [1m[34mSELECT pg_try_advisory_lock(8095522622645480085)[0m
  [1m[35m (0.4ms)[0m  [1m[34mSELECT "schema_migrations"."version" FROM "schema_migrations" ORDER BY "schema_migrations"."version" ASC[0m
Migrating to CreateUsers (20180922185058)
  [1m[35m (0.2ms)[0m  [1m[35mBEGIN[0m
  [1m[35m (375.6ms)[0m  [1m[35mCREATE TABLE "users" ("id" bigserial primary key, "email" character varying, "name" character varying, "created_at" timestamp NOT NULL, "updated_at" timestamp, "deleted_at" timestamp)[0m
  [1m[35mSQL (0.9ms)[0m  [1m[32mINSERT INTO "schema_migrations" ("version") VALUES ($1) RETURNING "version"[0m  [["version", "20180922185058"]]
  [1m[35m (13.0ms)[0m  [1m[35mCOMMIT[0m
  [1m[36mActiveRecord::InternalMetadata Load (0.9ms)[0m  [1m[34mSELECT  "ar_internal_metadata".* FROM "ar_internal_metadata" WHERE "ar_internal_metadata"."key" = $1 LIMIT $2[0m  [["key", "environment"], ["LIMIT", 1]]
  [1m[35m (0.3ms)[0m  [1m[35mBEGIN[0m
  [1m[35m (0.3ms)[0m  [1m[35mCOMMIT[0m
  [1m[35m (0.4ms)[0m  [1m[34mSELECT pg_advisory_unlock(8095522622645480085)[0m
  [1m[35m (0.3ms)[0m  [1m[34mSELECT "schema_migrations"."version" FROM "schema_migrations" ORDER BY "schema_migrations"."version" ASC[0m
  [1m[36mTinyLog::File Load (0.2ms)[0m  [1m[34mSELECT  "files".* FROM "files" WHERE "files"."deleted_at" IS NULL LIMIT $1[0m  [["LIMIT", 11]]
  [1m[36mTinyLog::File Load (1.3ms)[0m  [1m[34mSELECT  "files".* FROM "files" WHERE "files"."deleted_at" IS NULL LIMIT $1[0m  [["LIMIT", 11]]
  [1m[36mTinyLog::User Load (1.0ms)[0m  [1m[34mSELECT  "users".* FROM "users" WHERE "users"."deleted_at" IS NULL LIMIT $1[0m  [["LIMIT", 11]]
  [1m[35m (0.6ms)[0m  [1m[35mBEGIN[0m
  [1m[35mSQL (1.9ms)[0m  [1m[32mINSERT INTO "users" ("email", "name", "created_at", "updated_at") VALUES ($1, $2, $3, $4) RETURNING "id"[0m  [["email", "sxcamacho@gmail.com"], ["name", "Sebastian Camacho"], ["created_at", "2018-09-22 19:11:40.918842"], ["updated_at", "2018-09-22 19:11:40.918842"]]
  [1m[35m (38.5ms)[0m  [1m[35mCOMMIT[0m
DEPRECATION WARNING: Static attributes will be removed in FactoryBot 5.0. Please use dynamic
attributes instead by wrapping the attribute value in a block:

uid { "pg1JXFec3n35IRgLFusYtQ" }

To automatically update from static attributes to dynamic ones,
install rubocop-rspec and run:

rubocop \
  --require rubocop-rspec \
  --only FactoryBot/AttributeDefinedStatically \
  --auto-correct

 (called from block (2 levels) in <top (required)> at /home/sebastian/Workspace/personal/tinylog/tinylog-api/spec/factories/file.rb:3)
DEPRECATION WARNING: Static attributes will be removed in FactoryBot 5.0. Please use dynamic
attributes instead by wrapping the attribute value in a block:

title { "Veribet" }

To automatically update from static attributes to dynamic ones,
install rubocop-rspec and run:

rubocop \
  --require rubocop-rspec \
  --only FactoryBot/AttributeDefinedStatically \
  --auto-correct

 (called from block (2 levels) in <top (required)> at /home/sebastian/Workspace/personal/tinylog/tinylog-api/spec/factories/file.rb:4)
DEPRECATION WARNING: Static attributes will be removed in FactoryBot 5.0. Please use dynamic
attributes instead by wrapping the attribute value in a block:

uid { "DiOr3YeeMHCS8i4DRg9OTg" }

To automatically update from static attributes to dynamic ones,
install rubocop-rspec and run:

rubocop \
  --require rubocop-rspec \
  --only FactoryBot/AttributeDefinedStatically \
  --auto-correct

 (called from block (2 levels) in <top (required)> at /home/sebastian/Workspace/personal/tinylog/tinylog-api/spec/factories/file.rb:3)
DEPRECATION WARNING: Static attributes will be removed in FactoryBot 5.0. Please use dynamic
attributes instead by wrapping the attribute value in a block:

title { "Home Ing" }

To automatically update from static attributes to dynamic ones,
install rubocop-rspec and run:

rubocop \
  --require rubocop-rspec \
  --only FactoryBot/AttributeDefinedStatically \
  --auto-correct

 (called from block (2 levels) in <top (required)> at /home/sebastian/Workspace/personal/tinylog/tinylog-api/spec/factories/file.rb:4)
DEPRECATION WARNING: Static attributes will be removed in FactoryBot 5.0. Please use dynamic
attributes instead by wrapping the attribute value in a block:

uid { "3To7amPF78bGEq4X6Wwr_Q" }

To automatically update from static attributes to dynamic ones,
install rubocop-rspec and run:

rubocop \
  --require rubocop-rspec \
  --only FactoryBot/AttributeDefinedStatically \
  --auto-correct

 (called from block (2 levels) in <top (required)> at /home/sebastian/Workspace/personal/tinylog/tinylog-api/spec/factories/file.rb:3)
DEPRECATION WARNING: Static attributes will be removed in FactoryBot 5.0. Please use dynamic
attributes instead by wrapping the attribute value in a block:

title { "Sub-Ex" }

To automatically update from static attributes to dynamic ones,
install rubocop-rspec and run:

rubocop \
  --require rubocop-rspec \
  --only FactoryBot/AttributeDefinedStatically \
  --auto-correct

 (called from block (2 levels) in <top (required)> at /home/sebastian/Workspace/personal/tinylog/tinylog-api/spec/factories/file.rb:4)
DEPRECATION WARNING: Static attributes will be removed in FactoryBot 5.0. Please use dynamic
attributes instead by wrapping the attribute value in a block:

uid { "DwMScVIDAcCv5n3ufMxHtw" }

To automatically update from static attributes to dynamic ones,
install rubocop-rspec and run:

rubocop \
  --require rubocop-rspec \
  --only FactoryBot/AttributeDefinedStatically \
  --auto-correct

 (called from block (2 levels) in <top (required)> at /home/sebastian/Workspace/personal/tinylog/tinylog-api/spec/factories/file.rb:3)
DEPRECATION WARNING: Static attributes will be removed in FactoryBot 5.0. Please use dynamic
attributes instead by wrapping the attribute value in a block:

title { "Viva" }

To automatically update from static attributes to dynamic ones,
install rubocop-rspec and run:

rubocop \
  --require rubocop-rspec \
  --only FactoryBot/AttributeDefinedStatically \
  --auto-correct

 (called from block (2 levels) in <top (required)> at /home/sebastian/Workspace/personal/tinylog/tinylog-api/spec/factories/file.rb:4)
DEPRECATION WARNING: Static attributes will be removed in FactoryBot 5.0. Please use dynamic
attributes instead by wrapping the attribute value in a block:

uid { "rIVSyqrJmM5_rRTtDFOWSg" }

To automatically update from static attributes to dynamic ones,
install rubocop-rspec and run:

rubocop \
  --require rubocop-rspec \
  --only FactoryBot/AttributeDefinedStatically \
  --auto-correct

 (called from block (2 levels) in <top (required)> at /home/sebastian/Workspace/personal/tinylog/tinylog-api/spec/factories/file.rb:3)
DEPRECATION WARNING: Static attributes will be removed in FactoryBot 5.0. Please use dynamic
attributes instead by wrapping the attribute value in a block:

title { "Pannier" }

To automatically update from static attributes to dynamic ones,
install rubocop-rspec and run:

rubocop \
  --require rubocop-rspec \
  --only FactoryBot/AttributeDefinedStatically \
  --auto-correct

 (called from block (2 levels) in <top (required)> at /home/sebastian/Workspace/personal/tinylog/tinylog-api/spec/factories/file.rb:4)
  [1m[35m (0.5ms)[0m  [1m[34mSELECT "schema_migrations"."version" FROM "schema_migrations" ORDER BY "schema_migrations"."version" ASC[0m
  [1m[35m (0.2ms)[0m  [1m[34mSELECT "ar_internal_metadata"."value" FROM "ar_internal_metadata" WHERE "ar_internal_metadata"."key" = $1[0m  [["key", "environment"]]
  [1m[35m (0.2ms)[0m  [1m[34mSELECT "schema_migrations"."version" FROM "schema_migrations" ORDER BY "schema_migrations"."version" ASC[0m
  [1m[35m (0.2ms)[0m  [1m[34mSELECT "ar_internal_metadata"."value" FROM "ar_internal_metadata" WHERE "ar_internal_metadata"."key" = $1[0m  [["key", "environment"]]
  [1m[35m (0.2ms)[0m  [1m[34mSELECT "schema_migrations"."version" FROM "schema_migrations" ORDER BY "schema_migrations"."version" ASC[0m
  [1m[35m (0.2ms)[0m  [1m[34mSELECT "ar_internal_metadata"."value" FROM "ar_internal_metadata" WHERE "ar_internal_metadata"."key" = $1[0m  [["key", "environment"]]
  [1m[35m (5009.7ms)[0m  [1m[35mDROP DATABASE IF EXISTS "tinylog"[0m
DEPRECATION WARNING: Static attributes will be removed in FactoryBot 5.0. Please use dynamic
attributes instead by wrapping the attribute value in a block:

uid { "7veDSJ32f8MP2F7Wqxd_Mw" }

To automatically update from static attributes to dynamic ones,
install rubocop-rspec and run:

rubocop \
  --require rubocop-rspec \
  --only FactoryBot/AttributeDefinedStatically \
  --auto-correct

 (called from block (2 levels) in <top (required)> at /home/sebastian/Workspace/personal/tinylog/tinylog-api/spec/factories/file.rb:3)
DEPRECATION WARNING: Static attributes will be removed in FactoryBot 5.0. Please use dynamic
attributes instead by wrapping the attribute value in a block:

title { "Home Ing" }

To automatically update from static attributes to dynamic ones,
install rubocop-rspec and run:

rubocop \
  --require rubocop-rspec \
  --only FactoryBot/AttributeDefinedStatically \
  --auto-correct

 (called from block (2 levels) in <top (required)> at /home/sebastian/Workspace/personal/tinylog/tinylog-api/spec/factories/file.rb:4)
  [1m[35m (0.6ms)[0m  [1m[34mSELECT "schema_migrations"."version" FROM "schema_migrations" ORDER BY "schema_migrations"."version" ASC[0m
  [1m[35m (0.3ms)[0m  [1m[34mSELECT "ar_internal_metadata"."value" FROM "ar_internal_metadata" WHERE "ar_internal_metadata"."key" = $1[0m  [["key", "environment"]]
  [1m[35m (0.2ms)[0m  [1m[34mSELECT "schema_migrations"."version" FROM "schema_migrations" ORDER BY "schema_migrations"."version" ASC[0m
  [1m[35m (0.2ms)[0m  [1m[34mSELECT "ar_internal_metadata"."value" FROM "ar_internal_metadata" WHERE "ar_internal_metadata"."key" = $1[0m  [["key", "environment"]]
  [1m[35m (0.2ms)[0m  [1m[34mSELECT "schema_migrations"."version" FROM "schema_migrations" ORDER BY "schema_migrations"."version" ASC[0m
  [1m[35m (0.2ms)[0m  [1m[34mSELECT "ar_internal_metadata"."value" FROM "ar_internal_metadata" WHERE "ar_internal_metadata"."key" = $1[0m  [["key", "environment"]]
  [1m[35m (760.1ms)[0m  [1m[35mDROP DATABASE IF EXISTS "tinylog"[0m
  [1m[35m (0.3ms)[0m  [1m[35mDROP DATABASE IF EXISTS "tinylog_test"[0m
DEPRECATION WARNING: Static attributes will be removed in FactoryBot 5.0. Please use dynamic
attributes instead by wrapping the attribute value in a block:

uid { "FBwPnAzuO952KCZbVPFyOw" }

To automatically update from static attributes to dynamic ones,
install rubocop-rspec and run:

rubocop \
  --require rubocop-rspec \
  --only FactoryBot/AttributeDefinedStatically \
  --auto-correct

 (called from block (2 levels) in <top (required)> at /home/sebastian/Workspace/personal/tinylog/tinylog-api/spec/factories/file.rb:3)
DEPRECATION WARNING: Static attributes will be removed in FactoryBot 5.0. Please use dynamic
attributes instead by wrapping the attribute value in a block:

title { "Konklux" }

To automatically update from static attributes to dynamic ones,
install rubocop-rspec and run:

rubocop \
  --require rubocop-rspec \
  --only FactoryBot/AttributeDefinedStatically \
  --auto-correct

 (called from block (2 levels) in <top (required)> at /home/sebastian/Workspace/personal/tinylog/tinylog-api/spec/factories/file.rb:4)
DEPRECATION WARNING: Static attributes will be removed in FactoryBot 5.0. Please use dynamic
attributes instead by wrapping the attribute value in a block:

uid { "v3UdIohGU7iRyNz6q0Misw" }

To automatically update from static attributes to dynamic ones,
install rubocop-rspec and run:

rubocop \
  --require rubocop-rspec \
  --only FactoryBot/AttributeDefinedStatically \
  --auto-correct

 (called from block (2 levels) in <top (required)> at /home/sebastian/Workspace/personal/tinylog/tinylog-api/spec/factories/file.rb:3)
DEPRECATION WARNING: Static attributes will be removed in FactoryBot 5.0. Please use dynamic
attributes instead by wrapping the attribute value in a block:

title { "Trippledex" }

To automatically update from static attributes to dynamic ones,
install rubocop-rspec and run:

rubocop \
  --require rubocop-rspec \
  --only FactoryBot/AttributeDefinedStatically \
  --auto-correct

 (called from block (2 levels) in <top (required)> at /home/sebastian/Workspace/personal/tinylog/tinylog-api/spec/factories/file.rb:4)
DEPRECATION WARNING: Static attributes will be removed in FactoryBot 5.0. Please use dynamic
attributes instead by wrapping the attribute value in a block:

uid { "JxkkvkXz_An_GAfPvNmmZg" }

To automatically update from static attributes to dynamic ones,
install rubocop-rspec and run:

rubocop \
  --require rubocop-rspec \
  --only FactoryBot/AttributeDefinedStatically \
  --auto-correct

 (called from block (2 levels) in <top (required)> at /home/sebastian/Workspace/personal/tinylog/tinylog-api/spec/factories/file.rb:3)
DEPRECATION WARNING: Static attributes will be removed in FactoryBot 5.0. Please use dynamic
attributes instead by wrapping the attribute value in a block:

title { "Stronghold" }

To automatically update from static attributes to dynamic ones,
install rubocop-rspec and run:

rubocop \
  --require rubocop-rspec \
  --only FactoryBot/AttributeDefinedStatically \
  --auto-correct

 (called from block (2 levels) in <top (required)> at /home/sebastian/Workspace/personal/tinylog/tinylog-api/spec/factories/file.rb:4)
  [1m[35m (138.7ms)[0m  [1m[35mCREATE TABLE "schema_migrations" ("version" character varying NOT NULL PRIMARY KEY)[0m
  [1m[35m (95.3ms)[0m  [1m[35mCREATE TABLE "ar_internal_metadata" ("key" character varying NOT NULL PRIMARY KEY, "value" character varying, "created_at" timestamp NOT NULL, "updated_at" timestamp NOT NULL)[0m
  [1m[35m (0.9ms)[0m  [1m[34mSELECT pg_try_advisory_lock(7055322490115479650)[0m
  [1m[35m (1.2ms)[0m  [1m[34mSELECT "schema_migrations"."version" FROM "schema_migrations" ORDER BY "schema_migrations"."version" ASC[0m
Migrating to CreateFiles (20180320165606)
  [1m[35m (0.3ms)[0m  [1m[35mBEGIN[0m
  [1m[35m (101.9ms)[0m  [1m[35mCREATE TABLE "files" ("id" bigserial primary key, "uid" character varying, "name" character varying, "public" boolean, "created_at" timestamp NOT NULL, "updated_at" timestamp, "deleted_at" timestamp)[0m
  [1m[35mSQL (1.4ms)[0m  [1m[32mINSERT INTO "schema_migrations" ("version") VALUES ($1) RETURNING "version"[0m  [["version", "20180320165606"]]
  [1m[35m (15.5ms)[0m  [1m[35mCOMMIT[0m
Migrating to CreateLogs (20180320165637)
  [1m[35m (0.5ms)[0m  [1m[35mBEGIN[0m
  [1m[35m (79.7ms)[0m  [1m[35mCREATE TABLE "logs" ("id" bigserial primary key, "file_id" bigint, "uid" character varying, "text" character varying, "log_type" integer DEFAULT 1, "created_at" timestamp NOT NULL, "updated_at" timestamp, "deleted_at" timestamp)[0m
  [1m[35m (28.2ms)[0m  [1m[35mCREATE  INDEX  "index_logs_on_file_id" ON "logs"  ("file_id")[0m
  [1m[35m (29.3ms)[0m  [1m[35mCREATE  INDEX  "index_logs_on_uid" ON "logs"  ("uid")[0m
  [1m[35mSQL (1.1ms)[0m  [1m[32mINSERT INTO "schema_migrations" ("version") VALUES ($1) RETURNING "version"[0m  [["version", "20180320165637"]]
  [1m[35m (11.2ms)[0m  [1m[35mCOMMIT[0m
  [1m[36mActiveRecord::InternalMetadata Load (1.2ms)[0m  [1m[34mSELECT  "ar_internal_metadata".* FROM "ar_internal_metadata" WHERE "ar_internal_metadata"."key" = $1 LIMIT $2[0m  [["key", "environment"], ["LIMIT", 1]]
  [1m[35m (0.3ms)[0m  [1m[35mBEGIN[0m
  [1m[35mSQL (0.6ms)[0m  [1m[32mINSERT INTO "ar_internal_metadata" ("key", "value", "created_at", "updated_at") VALUES ($1, $2, $3, $4) RETURNING "key"[0m  [["key", "environment"], ["value", "development"], ["created_at", "2018-09-22 23:08:10.454724"], ["updated_at", "2018-09-22 23:08:10.454724"]]
  [1m[35m (7.7ms)[0m  [1m[35mCOMMIT[0m
  [1m[35m (0.8ms)[0m  [1m[34mSELECT pg_advisory_unlock(7055322490115479650)[0m
  [1m[35m (0.4ms)[0m  [1m[34mSELECT "schema_migrations"."version" FROM "schema_migrations" ORDER BY "schema_migrations"."version" ASC[0m
DEPRECATION WARNING: Static attributes will be removed in FactoryBot 5.0. Please use dynamic
attributes instead by wrapping the attribute value in a block:

uid { "Jclgj0EAxWGdlQ1z_DUn5g" }

To automatically update from static attributes to dynamic ones,
install rubocop-rspec and run:

rubocop \
  --require rubocop-rspec \
  --only FactoryBot/AttributeDefinedStatically \
  --auto-correct

 (called from block (2 levels) in <top (required)> at /home/sebastian/Workspace/personal/tinylog/tinylog-api/spec/factories/file.rb:3)
DEPRECATION WARNING: Static attributes will be removed in FactoryBot 5.0. Please use dynamic
attributes instead by wrapping the attribute value in a block:

title { "Job" }

To automatically update from static attributes to dynamic ones,
install rubocop-rspec and run:

rubocop \
  --require rubocop-rspec \
  --only FactoryBot/AttributeDefinedStatically \
  --auto-correct

 (called from block (2 levels) in <top (required)> at /home/sebastian/Workspace/personal/tinylog/tinylog-api/spec/factories/file.rb:4)
DEPRECATION WARNING: Static attributes will be removed in FactoryBot 5.0. Please use dynamic
attributes instead by wrapping the attribute value in a block:

uid { "f3GS6Igw-uZxXiYPQoI-EA" }

To automatically update from static attributes to dynamic ones,
install rubocop-rspec and run:

rubocop \
  --require rubocop-rspec \
  --only FactoryBot/AttributeDefinedStatically \
  --auto-correct

 (called from block (2 levels) in <top (required)> at /home/sebastian/Workspace/personal/tinylog/tinylog-api/spec/factories/file.rb:3)
DEPRECATION WARNING: Static attributes will be removed in FactoryBot 5.0. Please use dynamic
attributes instead by wrapping the attribute value in a block:

title { "Job" }

To automatically update from static attributes to dynamic ones,
install rubocop-rspec and run:

rubocop \
  --require rubocop-rspec \
  --only FactoryBot/AttributeDefinedStatically \
  --auto-correct

 (called from block (2 levels) in <top (required)> at /home/sebastian/Workspace/personal/tinylog/tinylog-api/spec/factories/file.rb:4)
DEPRECATION WARNING: Static attributes will be removed in FactoryBot 5.0. Please use dynamic
attributes instead by wrapping the attribute value in a block:

uid { "DoKCGVF_LhCpn_WhbRlHJA" }

To automatically update from static attributes to dynamic ones,
install rubocop-rspec and run:

rubocop \
  --require rubocop-rspec \
  --only FactoryBot/AttributeDefinedStatically \
  --auto-correct

 (called from block (2 levels) in <top (required)> at /home/sebastian/Workspace/personal/tinylog/tinylog-api/spec/factories/file.rb:3)
DEPRECATION WARNING: Static attributes will be removed in FactoryBot 5.0. Please use dynamic
attributes instead by wrapping the attribute value in a block:

title { "Hatity" }

To automatically update from static attributes to dynamic ones,
install rubocop-rspec and run:

rubocop \
  --require rubocop-rspec \
  --only FactoryBot/AttributeDefinedStatically \
  --auto-correct

 (called from block (2 levels) in <top (required)> at /home/sebastian/Workspace/personal/tinylog/tinylog-api/spec/factories/file.rb:4)
